<?xml version="1.0" encoding="UTF-8"?>
<testsuite xmlns:xsi="http://www.w3.org/2001/XMLSchema-instance" xsi:noNamespaceSchemaLocation="https://maven.apache.org/surefire/maven-surefire-plugin/xsd/surefire-test-report-3.0.xsd" version="3.0" name="com.starter.backend.BackendApplicationTests" time="11.837" tests="1" errors="0" skipped="0" failures="0">
  <properties>
    <property name="java.specification.version" value="18"/>
    <property name="sun.cpu.isalist" value="amd64"/>
    <property name="sun.jnu.encoding" value="Cp1252"/>
    <property name="java.class.path" value="C:\Users\lilou\Bureau\Web Templates\Web Starter\backend\target\test-classes;C:\Users\lilou\Bureau\Web Templates\Web Starter\backend\target\classes;C:\Users\lilou\.m2\repository\org\springframework\boot\spring-boot-starter-data-jpa\3.2.0-SNAPSHOT\spring-boot-starter-data-jpa-3.2.0-SNAPSHOT.jar;C:\Users\lilou\.m2\repository\org\springframework\boot\spring-boot-starter-aop\3.2.0-SNAPSHOT\spring-boot-starter-aop-3.2.0-SNAPSHOT.jar;C:\Users\lilou\.m2\repository\org\aspectj\aspectjweaver\1.9.20\aspectjweaver-1.9.20.jar;C:\Users\lilou\.m2\repository\org\springframework\boot\spring-boot-starter-jdbc\3.2.0-SNAPSHOT\spring-boot-starter-jdbc-3.2.0-SNAPSHOT.jar;C:\Users\lilou\.m2\repository\com\zaxxer\HikariCP\5.0.1\HikariCP-5.0.1.jar;C:\Users\lilou\.m2\repository\org\springframework\spring-jdbc\6.1.0-SNAPSHOT\spring-jdbc-6.1.0-SNAPSHOT.jar;C:\Users\lilou\.m2\repository\org\hibernate\orm\hibernate-core\6.3.1.Final\hibernate-core-6.3.1.Final.jar;C:\Users\lilou\.m2\repository\jakarta\persistence\jakarta.persistence-api\3.1.0\jakarta.persistence-api-3.1.0.jar;C:\Users\lilou\.m2\repository\jakarta\transaction\jakarta.transaction-api\2.0.1\jakarta.transaction-api-2.0.1.jar;C:\Users\lilou\.m2\repository\org\jboss\logging\jboss-logging\3.5.3.Final\jboss-logging-3.5.3.Final.jar;C:\Users\lilou\.m2\repository\org\hibernate\common\hibernate-commons-annotations\6.0.6.Final\hibernate-commons-annotations-6.0.6.Final.jar;C:\Users\lilou\.m2\repository\io\smallrye\jandex\3.1.2\jandex-3.1.2.jar;C:\Users\lilou\.m2\repository\com\fasterxml\classmate\1.5.1\classmate-1.5.1.jar;C:\Users\lilou\.m2\repository\net\bytebuddy\byte-buddy\1.14.8\byte-buddy-1.14.8.jar;C:\Users\lilou\.m2\repository\org\glassfish\jaxb\jaxb-runtime\4.0.3\jaxb-runtime-4.0.3.jar;C:\Users\lilou\.m2\repository\org\glassfish\jaxb\jaxb-core\4.0.3\jaxb-core-4.0.3.jar;C:\Users\lilou\.m2\repository\org\eclipse\angus\angus-activation\2.0.1\angus-activation-2.0.1.jar;C:\Users\lilou\.m2\repository\org\glassfish\jaxb\txw2\4.0.3\txw2-4.0.3.jar;C:\Users\lilou\.m2\repository\com\sun\istack\istack-commons-runtime\4.1.2\istack-commons-runtime-4.1.2.jar;C:\Users\lilou\.m2\repository\jakarta\inject\jakarta.inject-api\2.0.1\jakarta.inject-api-2.0.1.jar;C:\Users\lilou\.m2\repository\org\antlr\antlr4-runtime\4.10.1\antlr4-runtime-4.10.1.jar;C:\Users\lilou\.m2\repository\org\springframework\data\spring-data-jpa\3.2.0-SNAPSHOT\spring-data-jpa-3.2.0-SNAPSHOT.jar;C:\Users\lilou\.m2\repository\org\springframework\data\spring-data-commons\3.2.0-SNAPSHOT\spring-data-commons-3.2.0-SNAPSHOT.jar;C:\Users\lilou\.m2\repository\org\springframework\spring-orm\6.1.0-SNAPSHOT\spring-orm-6.1.0-SNAPSHOT.jar;C:\Users\lilou\.m2\repository\org\springframework\spring-context\6.1.0-SNAPSHOT\spring-context-6.1.0-SNAPSHOT.jar;C:\Users\lilou\.m2\repository\org\springframework\spring-tx\6.1.0-SNAPSHOT\spring-tx-6.1.0-SNAPSHOT.jar;C:\Users\lilou\.m2\repository\org\springframework\spring-beans\6.1.0-SNAPSHOT\spring-beans-6.1.0-SNAPSHOT.jar;C:\Users\lilou\.m2\repository\jakarta\annotation\jakarta.annotation-api\2.1.1\jakarta.annotation-api-2.1.1.jar;C:\Users\lilou\.m2\repository\org\slf4j\slf4j-api\2.0.9\slf4j-api-2.0.9.jar;C:\Users\lilou\.m2\repository\org\springframework\spring-aspects\6.1.0-SNAPSHOT\spring-aspects-6.1.0-SNAPSHOT.jar;C:\Users\lilou\.m2\repository\org\springframework\boot\spring-boot-starter-oauth2-client\3.2.0-SNAPSHOT\spring-boot-starter-oauth2-client-3.2.0-SNAPSHOT.jar;C:\Users\lilou\.m2\repository\org\springframework\boot\spring-boot-starter\3.2.0-SNAPSHOT\spring-boot-starter-3.2.0-SNAPSHOT.jar;C:\Users\lilou\.m2\repository\org\springframework\boot\spring-boot-starter-logging\3.2.0-SNAPSHOT\spring-boot-starter-logging-3.2.0-SNAPSHOT.jar;C:\Users\lilou\.m2\repository\ch\qos\logback\logback-classic\1.4.11\logback-classic-1.4.11.jar;C:\Users\lilou\.m2\repository\ch\qos\logback\logback-core\1.4.11\logback-core-1.4.11.jar;C:\Users\lilou\.m2\repository\org\apache\logging\log4j\log4j-to-slf4j\2.20.0\log4j-to-slf4j-2.20.0.jar;C:\Users\lilou\.m2\repository\org\apache\logging\log4j\log4j-api\2.20.0\log4j-api-2.20.0.jar;C:\Users\lilou\.m2\repository\org\slf4j\jul-to-slf4j\2.0.9\jul-to-slf4j-2.0.9.jar;C:\Users\lilou\.m2\repository\org\yaml\snakeyaml\2.2\snakeyaml-2.2.jar;C:\Users\lilou\.m2\repository\org\springframework\security\spring-security-config\6.2.0-SNAPSHOT\spring-security-config-6.2.0-SNAPSHOT.jar;C:\Users\lilou\.m2\repository\org\springframework\security\spring-security-core\6.2.0-SNAPSHOT\spring-security-core-6.2.0-SNAPSHOT.jar;C:\Users\lilou\.m2\repository\org\springframework\security\spring-security-crypto\6.2.0-SNAPSHOT\spring-security-crypto-6.2.0-SNAPSHOT.jar;C:\Users\lilou\.m2\repository\org\springframework\spring-expression\6.1.0-SNAPSHOT\spring-expression-6.1.0-SNAPSHOT.jar;C:\Users\lilou\.m2\repository\io\micrometer\micrometer-observation\1.12.0-SNAPSHOT\micrometer-observation-1.12.0-SNAPSHOT.jar;C:\Users\lilou\.m2\repository\io\micrometer\micrometer-commons\1.12.0-SNAPSHOT\micrometer-commons-1.12.0-SNAPSHOT.jar;C:\Users\lilou\.m2\repository\org\springframework\security\spring-security-oauth2-client\6.2.0-SNAPSHOT\spring-security-oauth2-client-6.2.0-SNAPSHOT.jar;C:\Users\lilou\.m2\repository\org\springframework\security\spring-security-oauth2-core\6.2.0-SNAPSHOT\spring-security-oauth2-core-6.2.0-SNAPSHOT.jar;C:\Users\lilou\.m2\repository\com\nimbusds\oauth2-oidc-sdk\9.43.3\oauth2-oidc-sdk-9.43.3.jar;C:\Users\lilou\.m2\repository\com\github\stephenc\jcip\jcip-annotations\1.0-1\jcip-annotations-1.0-1.jar;C:\Users\lilou\.m2\repository\com\nimbusds\content-type\2.2\content-type-2.2.jar;C:\Users\lilou\.m2\repository\com\nimbusds\lang-tag\1.7\lang-tag-1.7.jar;C:\Users\lilou\.m2\repository\org\springframework\security\spring-security-oauth2-jose\6.2.0-SNAPSHOT\spring-security-oauth2-jose-6.2.0-SNAPSHOT.jar;C:\Users\lilou\.m2\repository\com\nimbusds\nimbus-jose-jwt\9.31\nimbus-jose-jwt-9.31.jar;C:\Users\lilou\.m2\repository\org\springframework\boot\spring-boot-starter-security\3.2.0-SNAPSHOT\spring-boot-starter-security-3.2.0-SNAPSHOT.jar;C:\Users\lilou\.m2\repository\org\springframework\spring-aop\6.1.0-SNAPSHOT\spring-aop-6.1.0-SNAPSHOT.jar;C:\Users\lilou\.m2\repository\org\springframework\security\spring-security-web\6.2.0-SNAPSHOT\spring-security-web-6.2.0-SNAPSHOT.jar;C:\Users\lilou\.m2\repository\org\springframework\boot\spring-boot-starter-web\3.2.0-SNAPSHOT\spring-boot-starter-web-3.2.0-SNAPSHOT.jar;C:\Users\lilou\.m2\repository\org\springframework\boot\spring-boot-starter-json\3.2.0-SNAPSHOT\spring-boot-starter-json-3.2.0-SNAPSHOT.jar;C:\Users\lilou\.m2\repository\com\fasterxml\jackson\datatype\jackson-datatype-jdk8\2.15.2\jackson-datatype-jdk8-2.15.2.jar;C:\Users\lilou\.m2\repository\com\fasterxml\jackson\datatype\jackson-datatype-jsr310\2.15.2\jackson-datatype-jsr310-2.15.2.jar;C:\Users\lilou\.m2\repository\com\fasterxml\jackson\module\jackson-module-parameter-names\2.15.2\jackson-module-parameter-names-2.15.2.jar;C:\Users\lilou\.m2\repository\org\springframework\boot\spring-boot-starter-tomcat\3.2.0-SNAPSHOT\spring-boot-starter-tomcat-3.2.0-SNAPSHOT.jar;C:\Users\lilou\.m2\repository\org\apache\tomcat\embed\tomcat-embed-core\10.1.13\tomcat-embed-core-10.1.13.jar;C:\Users\lilou\.m2\repository\org\apache\tomcat\embed\tomcat-embed-websocket\10.1.13\tomcat-embed-websocket-10.1.13.jar;C:\Users\lilou\.m2\repository\org\springframework\spring-web\6.1.0-SNAPSHOT\spring-web-6.1.0-SNAPSHOT.jar;C:\Users\lilou\.m2\repository\org\springframework\spring-webmvc\6.1.0-SNAPSHOT\spring-webmvc-6.1.0-SNAPSHOT.jar;C:\Users\lilou\.m2\repository\org\springframework\boot\spring-boot-devtools\3.2.0-SNAPSHOT\spring-boot-devtools-3.2.0-SNAPSHOT.jar;C:\Users\lilou\.m2\repository\org\springframework\boot\spring-boot\3.2.0-SNAPSHOT\spring-boot-3.2.0-SNAPSHOT.jar;C:\Users\lilou\.m2\repository\org\springframework\boot\spring-boot-autoconfigure\3.2.0-SNAPSHOT\spring-boot-autoconfigure-3.2.0-SNAPSHOT.jar;C:\Users\lilou\.m2\repository\org\postgresql\postgresql\42.6.0\postgresql-42.6.0.jar;C:\Users\lilou\.m2\repository\org\checkerframework\checker-qual\3.31.0\checker-qual-3.31.0.jar;C:\Users\lilou\.m2\repository\org\projectlombok\lombok\1.18.30\lombok-1.18.30.jar;C:\Users\lilou\.m2\repository\org\springframework\boot\spring-boot-starter-test\3.2.0-SNAPSHOT\spring-boot-starter-test-3.2.0-SNAPSHOT.jar;C:\Users\lilou\.m2\repository\org\springframework\boot\spring-boot-test\3.2.0-SNAPSHOT\spring-boot-test-3.2.0-SNAPSHOT.jar;C:\Users\lilou\.m2\repository\org\springframework\boot\spring-boot-test-autoconfigure\3.2.0-SNAPSHOT\spring-boot-test-autoconfigure-3.2.0-SNAPSHOT.jar;C:\Users\lilou\.m2\repository\com\jayway\jsonpath\json-path\2.8.0\json-path-2.8.0.jar;C:\Users\lilou\.m2\repository\jakarta\xml\bind\jakarta.xml.bind-api\4.0.1\jakarta.xml.bind-api-4.0.1.jar;C:\Users\lilou\.m2\repository\jakarta\activation\jakarta.activation-api\2.1.2\jakarta.activation-api-2.1.2.jar;C:\Users\lilou\.m2\repository\net\minidev\json-smart\2.5.0\json-smart-2.5.0.jar;C:\Users\lilou\.m2\repository\net\minidev\accessors-smart\2.5.0\accessors-smart-2.5.0.jar;C:\Users\lilou\.m2\repository\org\ow2\asm\asm\9.3\asm-9.3.jar;C:\Users\lilou\.m2\repository\org\assertj\assertj-core\3.24.2\assertj-core-3.24.2.jar;C:\Users\lilou\.m2\repository\org\awaitility\awaitility\4.2.0\awaitility-4.2.0.jar;C:\Users\lilou\.m2\repository\org\hamcrest\hamcrest\2.2\hamcrest-2.2.jar;C:\Users\lilou\.m2\repository\org\junit\jupiter\junit-jupiter\5.10.0\junit-jupiter-5.10.0.jar;C:\Users\lilou\.m2\repository\org\junit\jupiter\junit-jupiter-api\5.10.0\junit-jupiter-api-5.10.0.jar;C:\Users\lilou\.m2\repository\org\opentest4j\opentest4j\1.3.0\opentest4j-1.3.0.jar;C:\Users\lilou\.m2\repository\org\junit\platform\junit-platform-commons\1.10.0\junit-platform-commons-1.10.0.jar;C:\Users\lilou\.m2\repository\org\apiguardian\apiguardian-api\1.1.2\apiguardian-api-1.1.2.jar;C:\Users\lilou\.m2\repository\org\junit\jupiter\junit-jupiter-params\5.10.0\junit-jupiter-params-5.10.0.jar;C:\Users\lilou\.m2\repository\org\junit\jupiter\junit-jupiter-engine\5.10.0\junit-jupiter-engine-5.10.0.jar;C:\Users\lilou\.m2\repository\org\junit\platform\junit-platform-engine\1.10.0\junit-platform-engine-1.10.0.jar;C:\Users\lilou\.m2\repository\org\mockito\mockito-core\5.5.0\mockito-core-5.5.0.jar;C:\Users\lilou\.m2\repository\net\bytebuddy\byte-buddy-agent\1.14.8\byte-buddy-agent-1.14.8.jar;C:\Users\lilou\.m2\repository\org\objenesis\objenesis\3.3\objenesis-3.3.jar;C:\Users\lilou\.m2\repository\org\mockito\mockito-junit-jupiter\5.5.0\mockito-junit-jupiter-5.5.0.jar;C:\Users\lilou\.m2\repository\org\skyscreamer\jsonassert\1.5.1\jsonassert-1.5.1.jar;C:\Users\lilou\.m2\repository\com\vaadin\external\google\android-json\0.0.20131108.vaadin1\android-json-0.0.20131108.vaadin1.jar;C:\Users\lilou\.m2\repository\org\springframework\spring-core\6.1.0-SNAPSHOT\spring-core-6.1.0-SNAPSHOT.jar;C:\Users\lilou\.m2\repository\org\springframework\spring-jcl\6.1.0-SNAPSHOT\spring-jcl-6.1.0-SNAPSHOT.jar;C:\Users\lilou\.m2\repository\org\springframework\spring-test\6.1.0-SNAPSHOT\spring-test-6.1.0-SNAPSHOT.jar;C:\Users\lilou\.m2\repository\org\xmlunit\xmlunit-core\2.9.1\xmlunit-core-2.9.1.jar;C:\Users\lilou\.m2\repository\org\springframework\security\spring-security-test\6.2.0-SNAPSHOT\spring-security-test-6.2.0-SNAPSHOT.jar;C:\Users\lilou\.m2\repository\org\springframework\boot\spring-boot-starter-validation\3.2.0-SNAPSHOT\spring-boot-starter-validation-3.2.0-SNAPSHOT.jar;C:\Users\lilou\.m2\repository\org\apache\tomcat\embed\tomcat-embed-el\10.1.13\tomcat-embed-el-10.1.13.jar;C:\Users\lilou\.m2\repository\org\hibernate\validator\hibernate-validator\8.0.1.Final\hibernate-validator-8.0.1.Final.jar;C:\Users\lilou\.m2\repository\jakarta\validation\jakarta.validation-api\3.0.2\jakarta.validation-api-3.0.2.jar;C:\Users\lilou\.m2\repository\io\jsonwebtoken\jjwt-api\0.11.2\jjwt-api-0.11.2.jar;C:\Users\lilou\.m2\repository\io\jsonwebtoken\jjwt-impl\0.11.2\jjwt-impl-0.11.2.jar;C:\Users\lilou\.m2\repository\io\jsonwebtoken\jjwt-jackson\0.11.2\jjwt-jackson-0.11.2.jar;C:\Users\lilou\.m2\repository\com\fasterxml\jackson\core\jackson-databind\2.15.2\jackson-databind-2.15.2.jar;C:\Users\lilou\.m2\repository\com\fasterxml\jackson\core\jackson-annotations\2.15.2\jackson-annotations-2.15.2.jar;C:\Users\lilou\.m2\repository\com\fasterxml\jackson\core\jackson-core\2.15.2\jackson-core-2.15.2.jar;"/>
    <property name="java.vm.vendor" value="Oracle Corporation"/>
    <property name="sun.arch.data.model" value="64"/>
    <property name="user.variant" value=""/>
    <property name="java.vendor.url" value="https://java.oracle.com/"/>
    <property name="user.timezone" value="Europe/London"/>
    <property name="org.jboss.logging.provider" value="slf4j"/>
    <property name="os.name" value="Windows 11"/>
    <property name="java.vm.specification.version" value="18"/>
    <property name="sun.java.launcher" value="SUN_STANDARD"/>
    <property name="user.country" value="US"/>
    <property name="sun.boot.library.path" value="C:\Program Files\Java\jdk-18.0.2.1\bin"/>
    <property name="sun.java.command" value="C:\Users\lilou\AppData\Local\Temp\surefire6434551757658255352\surefirebooter-20231007112620851_3.jar C:\Users\lilou\AppData\Local\Temp\surefire6434551757658255352 2023-10-07T11-26-20_685-jvmRun1 surefire-20231007112620851_1tmp surefire_0-20231007112620851_2tmp"/>
    <property name="jdk.debug" value="release"/>
    <property name="surefire.test.class.path" value="C:\Users\lilou\Bureau\Web Templates\Web Starter\backend\target\test-classes;C:\Users\lilou\Bureau\Web Templates\Web Starter\backend\target\classes;C:\Users\lilou\.m2\repository\org\springframework\boot\spring-boot-starter-data-jpa\3.2.0-SNAPSHOT\spring-boot-starter-data-jpa-3.2.0-SNAPSHOT.jar;C:\Users\lilou\.m2\repository\org\springframework\boot\spring-boot-starter-aop\3.2.0-SNAPSHOT\spring-boot-starter-aop-3.2.0-SNAPSHOT.jar;C:\Users\lilou\.m2\repository\org\aspectj\aspectjweaver\1.9.20\aspectjweaver-1.9.20.jar;C:\Users\lilou\.m2\repository\org\springframework\boot\spring-boot-starter-jdbc\3.2.0-SNAPSHOT\spring-boot-starter-jdbc-3.2.0-SNAPSHOT.jar;C:\Users\lilou\.m2\repository\com\zaxxer\HikariCP\5.0.1\HikariCP-5.0.1.jar;C:\Users\lilou\.m2\repository\org\springframework\spring-jdbc\6.1.0-SNAPSHOT\spring-jdbc-6.1.0-SNAPSHOT.jar;C:\Users\lilou\.m2\repository\org\hibernate\orm\hibernate-core\6.3.1.Final\hibernate-core-6.3.1.Final.jar;C:\Users\lilou\.m2\repository\jakarta\persistence\jakarta.persistence-api\3.1.0\jakarta.persistence-api-3.1.0.jar;C:\Users\lilou\.m2\repository\jakarta\transaction\jakarta.transaction-api\2.0.1\jakarta.transaction-api-2.0.1.jar;C:\Users\lilou\.m2\repository\org\jboss\logging\jboss-logging\3.5.3.Final\jboss-logging-3.5.3.Final.jar;C:\Users\lilou\.m2\repository\org\hibernate\common\hibernate-commons-annotations\6.0.6.Final\hibernate-commons-annotations-6.0.6.Final.jar;C:\Users\lilou\.m2\repository\io\smallrye\jandex\3.1.2\jandex-3.1.2.jar;C:\Users\lilou\.m2\repository\com\fasterxml\classmate\1.5.1\classmate-1.5.1.jar;C:\Users\lilou\.m2\repository\net\bytebuddy\byte-buddy\1.14.8\byte-buddy-1.14.8.jar;C:\Users\lilou\.m2\repository\org\glassfish\jaxb\jaxb-runtime\4.0.3\jaxb-runtime-4.0.3.jar;C:\Users\lilou\.m2\repository\org\glassfish\jaxb\jaxb-core\4.0.3\jaxb-core-4.0.3.jar;C:\Users\lilou\.m2\repository\org\eclipse\angus\angus-activation\2.0.1\angus-activation-2.0.1.jar;C:\Users\lilou\.m2\repository\org\glassfish\jaxb\txw2\4.0.3\txw2-4.0.3.jar;C:\Users\lilou\.m2\repository\com\sun\istack\istack-commons-runtime\4.1.2\istack-commons-runtime-4.1.2.jar;C:\Users\lilou\.m2\repository\jakarta\inject\jakarta.inject-api\2.0.1\jakarta.inject-api-2.0.1.jar;C:\Users\lilou\.m2\repository\org\antlr\antlr4-runtime\4.10.1\antlr4-runtime-4.10.1.jar;C:\Users\lilou\.m2\repository\org\springframework\data\spring-data-jpa\3.2.0-SNAPSHOT\spring-data-jpa-3.2.0-SNAPSHOT.jar;C:\Users\lilou\.m2\repository\org\springframework\data\spring-data-commons\3.2.0-SNAPSHOT\spring-data-commons-3.2.0-SNAPSHOT.jar;C:\Users\lilou\.m2\repository\org\springframework\spring-orm\6.1.0-SNAPSHOT\spring-orm-6.1.0-SNAPSHOT.jar;C:\Users\lilou\.m2\repository\org\springframework\spring-context\6.1.0-SNAPSHOT\spring-context-6.1.0-SNAPSHOT.jar;C:\Users\lilou\.m2\repository\org\springframework\spring-tx\6.1.0-SNAPSHOT\spring-tx-6.1.0-SNAPSHOT.jar;C:\Users\lilou\.m2\repository\org\springframework\spring-beans\6.1.0-SNAPSHOT\spring-beans-6.1.0-SNAPSHOT.jar;C:\Users\lilou\.m2\repository\jakarta\annotation\jakarta.annotation-api\2.1.1\jakarta.annotation-api-2.1.1.jar;C:\Users\lilou\.m2\repository\org\slf4j\slf4j-api\2.0.9\slf4j-api-2.0.9.jar;C:\Users\lilou\.m2\repository\org\springframework\spring-aspects\6.1.0-SNAPSHOT\spring-aspects-6.1.0-SNAPSHOT.jar;C:\Users\lilou\.m2\repository\org\springframework\boot\spring-boot-starter-oauth2-client\3.2.0-SNAPSHOT\spring-boot-starter-oauth2-client-3.2.0-SNAPSHOT.jar;C:\Users\lilou\.m2\repository\org\springframework\boot\spring-boot-starter\3.2.0-SNAPSHOT\spring-boot-starter-3.2.0-SNAPSHOT.jar;C:\Users\lilou\.m2\repository\org\springframework\boot\spring-boot-starter-logging\3.2.0-SNAPSHOT\spring-boot-starter-logging-3.2.0-SNAPSHOT.jar;C:\Users\lilou\.m2\repository\ch\qos\logback\logback-classic\1.4.11\logback-classic-1.4.11.jar;C:\Users\lilou\.m2\repository\ch\qos\logback\logback-core\1.4.11\logback-core-1.4.11.jar;C:\Users\lilou\.m2\repository\org\apache\logging\log4j\log4j-to-slf4j\2.20.0\log4j-to-slf4j-2.20.0.jar;C:\Users\lilou\.m2\repository\org\apache\logging\log4j\log4j-api\2.20.0\log4j-api-2.20.0.jar;C:\Users\lilou\.m2\repository\org\slf4j\jul-to-slf4j\2.0.9\jul-to-slf4j-2.0.9.jar;C:\Users\lilou\.m2\repository\org\yaml\snakeyaml\2.2\snakeyaml-2.2.jar;C:\Users\lilou\.m2\repository\org\springframework\security\spring-security-config\6.2.0-SNAPSHOT\spring-security-config-6.2.0-SNAPSHOT.jar;C:\Users\lilou\.m2\repository\org\springframework\security\spring-security-core\6.2.0-SNAPSHOT\spring-security-core-6.2.0-SNAPSHOT.jar;C:\Users\lilou\.m2\repository\org\springframework\security\spring-security-crypto\6.2.0-SNAPSHOT\spring-security-crypto-6.2.0-SNAPSHOT.jar;C:\Users\lilou\.m2\repository\org\springframework\spring-expression\6.1.0-SNAPSHOT\spring-expression-6.1.0-SNAPSHOT.jar;C:\Users\lilou\.m2\repository\io\micrometer\micrometer-observation\1.12.0-SNAPSHOT\micrometer-observation-1.12.0-SNAPSHOT.jar;C:\Users\lilou\.m2\repository\io\micrometer\micrometer-commons\1.12.0-SNAPSHOT\micrometer-commons-1.12.0-SNAPSHOT.jar;C:\Users\lilou\.m2\repository\org\springframework\security\spring-security-oauth2-client\6.2.0-SNAPSHOT\spring-security-oauth2-client-6.2.0-SNAPSHOT.jar;C:\Users\lilou\.m2\repository\org\springframework\security\spring-security-oauth2-core\6.2.0-SNAPSHOT\spring-security-oauth2-core-6.2.0-SNAPSHOT.jar;C:\Users\lilou\.m2\repository\com\nimbusds\oauth2-oidc-sdk\9.43.3\oauth2-oidc-sdk-9.43.3.jar;C:\Users\lilou\.m2\repository\com\github\stephenc\jcip\jcip-annotations\1.0-1\jcip-annotations-1.0-1.jar;C:\Users\lilou\.m2\repository\com\nimbusds\content-type\2.2\content-type-2.2.jar;C:\Users\lilou\.m2\repository\com\nimbusds\lang-tag\1.7\lang-tag-1.7.jar;C:\Users\lilou\.m2\repository\org\springframework\security\spring-security-oauth2-jose\6.2.0-SNAPSHOT\spring-security-oauth2-jose-6.2.0-SNAPSHOT.jar;C:\Users\lilou\.m2\repository\com\nimbusds\nimbus-jose-jwt\9.31\nimbus-jose-jwt-9.31.jar;C:\Users\lilou\.m2\repository\org\springframework\boot\spring-boot-starter-security\3.2.0-SNAPSHOT\spring-boot-starter-security-3.2.0-SNAPSHOT.jar;C:\Users\lilou\.m2\repository\org\springframework\spring-aop\6.1.0-SNAPSHOT\spring-aop-6.1.0-SNAPSHOT.jar;C:\Users\lilou\.m2\repository\org\springframework\security\spring-security-web\6.2.0-SNAPSHOT\spring-security-web-6.2.0-SNAPSHOT.jar;C:\Users\lilou\.m2\repository\org\springframework\boot\spring-boot-starter-web\3.2.0-SNAPSHOT\spring-boot-starter-web-3.2.0-SNAPSHOT.jar;C:\Users\lilou\.m2\repository\org\springframework\boot\spring-boot-starter-json\3.2.0-SNAPSHOT\spring-boot-starter-json-3.2.0-SNAPSHOT.jar;C:\Users\lilou\.m2\repository\com\fasterxml\jackson\datatype\jackson-datatype-jdk8\2.15.2\jackson-datatype-jdk8-2.15.2.jar;C:\Users\lilou\.m2\repository\com\fasterxml\jackson\datatype\jackson-datatype-jsr310\2.15.2\jackson-datatype-jsr310-2.15.2.jar;C:\Users\lilou\.m2\repository\com\fasterxml\jackson\module\jackson-module-parameter-names\2.15.2\jackson-module-parameter-names-2.15.2.jar;C:\Users\lilou\.m2\repository\org\springframework\boot\spring-boot-starter-tomcat\3.2.0-SNAPSHOT\spring-boot-starter-tomcat-3.2.0-SNAPSHOT.jar;C:\Users\lilou\.m2\repository\org\apache\tomcat\embed\tomcat-embed-core\10.1.13\tomcat-embed-core-10.1.13.jar;C:\Users\lilou\.m2\repository\org\apache\tomcat\embed\tomcat-embed-websocket\10.1.13\tomcat-embed-websocket-10.1.13.jar;C:\Users\lilou\.m2\repository\org\springframework\spring-web\6.1.0-SNAPSHOT\spring-web-6.1.0-SNAPSHOT.jar;C:\Users\lilou\.m2\repository\org\springframework\spring-webmvc\6.1.0-SNAPSHOT\spring-webmvc-6.1.0-SNAPSHOT.jar;C:\Users\lilou\.m2\repository\org\springframework\boot\spring-boot-devtools\3.2.0-SNAPSHOT\spring-boot-devtools-3.2.0-SNAPSHOT.jar;C:\Users\lilou\.m2\repository\org\springframework\boot\spring-boot\3.2.0-SNAPSHOT\spring-boot-3.2.0-SNAPSHOT.jar;C:\Users\lilou\.m2\repository\org\springframework\boot\spring-boot-autoconfigure\3.2.0-SNAPSHOT\spring-boot-autoconfigure-3.2.0-SNAPSHOT.jar;C:\Users\lilou\.m2\repository\org\postgresql\postgresql\42.6.0\postgresql-42.6.0.jar;C:\Users\lilou\.m2\repository\org\checkerframework\checker-qual\3.31.0\checker-qual-3.31.0.jar;C:\Users\lilou\.m2\repository\org\projectlombok\lombok\1.18.30\lombok-1.18.30.jar;C:\Users\lilou\.m2\repository\org\springframework\boot\spring-boot-starter-test\3.2.0-SNAPSHOT\spring-boot-starter-test-3.2.0-SNAPSHOT.jar;C:\Users\lilou\.m2\repository\org\springframework\boot\spring-boot-test\3.2.0-SNAPSHOT\spring-boot-test-3.2.0-SNAPSHOT.jar;C:\Users\lilou\.m2\repository\org\springframework\boot\spring-boot-test-autoconfigure\3.2.0-SNAPSHOT\spring-boot-test-autoconfigure-3.2.0-SNAPSHOT.jar;C:\Users\lilou\.m2\repository\com\jayway\jsonpath\json-path\2.8.0\json-path-2.8.0.jar;C:\Users\lilou\.m2\repository\jakarta\xml\bind\jakarta.xml.bind-api\4.0.1\jakarta.xml.bind-api-4.0.1.jar;C:\Users\lilou\.m2\repository\jakarta\activation\jakarta.activation-api\2.1.2\jakarta.activation-api-2.1.2.jar;C:\Users\lilou\.m2\repository\net\minidev\json-smart\2.5.0\json-smart-2.5.0.jar;C:\Users\lilou\.m2\repository\net\minidev\accessors-smart\2.5.0\accessors-smart-2.5.0.jar;C:\Users\lilou\.m2\repository\org\ow2\asm\asm\9.3\asm-9.3.jar;C:\Users\lilou\.m2\repository\org\assertj\assertj-core\3.24.2\assertj-core-3.24.2.jar;C:\Users\lilou\.m2\repository\org\awaitility\awaitility\4.2.0\awaitility-4.2.0.jar;C:\Users\lilou\.m2\repository\org\hamcrest\hamcrest\2.2\hamcrest-2.2.jar;C:\Users\lilou\.m2\repository\org\junit\jupiter\junit-jupiter\5.10.0\junit-jupiter-5.10.0.jar;C:\Users\lilou\.m2\repository\org\junit\jupiter\junit-jupiter-api\5.10.0\junit-jupiter-api-5.10.0.jar;C:\Users\lilou\.m2\repository\org\opentest4j\opentest4j\1.3.0\opentest4j-1.3.0.jar;C:\Users\lilou\.m2\repository\org\junit\platform\junit-platform-commons\1.10.0\junit-platform-commons-1.10.0.jar;C:\Users\lilou\.m2\repository\org\apiguardian\apiguardian-api\1.1.2\apiguardian-api-1.1.2.jar;C:\Users\lilou\.m2\repository\org\junit\jupiter\junit-jupiter-params\5.10.0\junit-jupiter-params-5.10.0.jar;C:\Users\lilou\.m2\repository\org\junit\jupiter\junit-jupiter-engine\5.10.0\junit-jupiter-engine-5.10.0.jar;C:\Users\lilou\.m2\repository\org\junit\platform\junit-platform-engine\1.10.0\junit-platform-engine-1.10.0.jar;C:\Users\lilou\.m2\repository\org\mockito\mockito-core\5.5.0\mockito-core-5.5.0.jar;C:\Users\lilou\.m2\repository\net\bytebuddy\byte-buddy-agent\1.14.8\byte-buddy-agent-1.14.8.jar;C:\Users\lilou\.m2\repository\org\objenesis\objenesis\3.3\objenesis-3.3.jar;C:\Users\lilou\.m2\repository\org\mockito\mockito-junit-jupiter\5.5.0\mockito-junit-jupiter-5.5.0.jar;C:\Users\lilou\.m2\repository\org\skyscreamer\jsonassert\1.5.1\jsonassert-1.5.1.jar;C:\Users\lilou\.m2\repository\com\vaadin\external\google\android-json\0.0.20131108.vaadin1\android-json-0.0.20131108.vaadin1.jar;C:\Users\lilou\.m2\repository\org\springframework\spring-core\6.1.0-SNAPSHOT\spring-core-6.1.0-SNAPSHOT.jar;C:\Users\lilou\.m2\repository\org\springframework\spring-jcl\6.1.0-SNAPSHOT\spring-jcl-6.1.0-SNAPSHOT.jar;C:\Users\lilou\.m2\repository\org\springframework\spring-test\6.1.0-SNAPSHOT\spring-test-6.1.0-SNAPSHOT.jar;C:\Users\lilou\.m2\repository\org\xmlunit\xmlunit-core\2.9.1\xmlunit-core-2.9.1.jar;C:\Users\lilou\.m2\repository\org\springframework\security\spring-security-test\6.2.0-SNAPSHOT\spring-security-test-6.2.0-SNAPSHOT.jar;C:\Users\lilou\.m2\repository\org\springframework\boot\spring-boot-starter-validation\3.2.0-SNAPSHOT\spring-boot-starter-validation-3.2.0-SNAPSHOT.jar;C:\Users\lilou\.m2\repository\org\apache\tomcat\embed\tomcat-embed-el\10.1.13\tomcat-embed-el-10.1.13.jar;C:\Users\lilou\.m2\repository\org\hibernate\validator\hibernate-validator\8.0.1.Final\hibernate-validator-8.0.1.Final.jar;C:\Users\lilou\.m2\repository\jakarta\validation\jakarta.validation-api\3.0.2\jakarta.validation-api-3.0.2.jar;C:\Users\lilou\.m2\repository\io\jsonwebtoken\jjwt-api\0.11.2\jjwt-api-0.11.2.jar;C:\Users\lilou\.m2\repository\io\jsonwebtoken\jjwt-impl\0.11.2\jjwt-impl-0.11.2.jar;C:\Users\lilou\.m2\repository\io\jsonwebtoken\jjwt-jackson\0.11.2\jjwt-jackson-0.11.2.jar;C:\Users\lilou\.m2\repository\com\fasterxml\jackson\core\jackson-databind\2.15.2\jackson-databind-2.15.2.jar;C:\Users\lilou\.m2\repository\com\fasterxml\jackson\core\jackson-annotations\2.15.2\jackson-annotations-2.15.2.jar;C:\Users\lilou\.m2\repository\com\fasterxml\jackson\core\jackson-core\2.15.2\jackson-core-2.15.2.jar;"/>
    <property name="sun.cpu.endian" value="little"/>
    <property name="user.home" value="C:\Users\lilou"/>
    <property name="user.language" value="en"/>
    <property name="java.specification.vendor" value="Oracle Corporation"/>
    <property name="java.version.date" value="2022-08-18"/>
    <property name="java.home" value="C:\Program Files\Java\jdk-18.0.2.1"/>
    <property name="file.separator" value="\"/>
    <property name="basedir" value="C:\Users\lilou\Bureau\Web Templates\Web Starter\backend"/>
    <property name="java.vm.compressedOopsMode" value="Zero based"/>
    <property name="line.separator" value="&#10;"/>
    <property name="java.vm.specification.vendor" value="Oracle Corporation"/>
    <property name="java.specification.name" value="Java Platform API Specification"/>
    <property name="FILE_LOG_CHARSET" value="UTF-8"/>
    <property name="java.awt.headless" value="true"/>
    <property name="surefire.real.class.path" value="C:\Users\lilou\AppData\Local\Temp\surefire6434551757658255352\surefirebooter-20231007112620851_3.jar"/>
    <property name="user.script" value=""/>
    <property name="sun.management.compiler" value="HotSpot 64-Bit Tiered Compilers"/>
    <property name="java.runtime.version" value="18.0.2.1+1-1"/>
    <property name="user.name" value="lilou"/>
    <property name="path.separator" value=";"/>
    <property name="os.version" value="10.0"/>
    <property name="java.runtime.name" value="Java(TM) SE Runtime Environment"/>
    <property name="file.encoding" value="UTF-8"/>
    <property name="java.vm.name" value="Java HotSpot(TM) 64-Bit Server VM"/>
    <property name="localRepository" value="C:\Users\lilou\.m2\repository"/>
    <property name="java.vendor.url.bug" value="https://bugreport.java.com/bugreport/"/>
    <property name="java.io.tmpdir" value="C:\Users\lilou\AppData\Local\Temp\"/>
    <property name="com.zaxxer.hikari.pool_number" value="1"/>
    <property name="java.version" value="18.0.2.1"/>
    <property name="user.dir" value="C:\Users\lilou\Bureau\Web Templates\Web Starter\backend"/>
    <property name="os.arch" value="amd64"/>
    <property name="java.vm.specification.name" value="Java Virtual Machine Specification"/>
    <property name="PID" value="30452"/>
    <property name="sun.os.patch.level" value=""/>
    <property name="CONSOLE_LOG_CHARSET" value="UTF-8"/>
    <property name="native.encoding" value="Cp1252"/>
    <property name="java.library.path" value="C:\Program Files\Java\jdk-18.0.2.1\bin;C:\WINDOWS\Sun\Java\bin;C:\WINDOWS\system32;C:\WINDOWS;C:\Program Files\Common Files\Oracle\Java\javapath;C:\Python310\Scripts\;C:\Python310\;C:\Program Files (x86)\Common Files\Intel\Shared Libraries\redist\intel64\compiler;C:\WINDOWS\system32;C:\WINDOWS;C:\WINDOWS\System32\Wbem;C:\WINDOWS\System32\WindowsPowerShell\v1.0\;C:\WINDOWS\System32\OpenSSH\;C:\Program Files\dotnet\;C:\Program Files\Microsoft SQL Server\Client SDK\ODBC\170\Tools\Binn\;C:\ProgramData\chocolatey\bin;C:\Program Files (x86)\dotnet\;C:\Program Files\Apache Software Foundation\Apache Tomcat v9\bin;C:\Program Files\Maven\apache-maven-3.8.6\bin;C:\Program Files\Java\jdk-18.0.2.1\bin;C:\Strawberry\c\bin;C:\Strawberry\perl\site\bin;C:\Strawberry\perl\bin;C:\Program Files\Git\cmd;C:\Program Files\Docker\Docker\resources\bin;C:\Program Files\nodejs\;C:\Program Files\MySQL\MySQL Shell 8.0\bin\;C:\Users\lilou\AppData\Local\Microsoft\WindowsApps;C:\Users\lilou\AppData\Local\Programs\Microsoft VS Code\bin;C:\xampp\php;C:\Program Files\MySQL\MySQL Server 8.0\bin;C:\Program Files\Maven\apache-maven-3.8.6;C:\Users\lilou\AppData\Local\Programs\MiKTeX\miktex\bin\x64\;C:\Users\lilou\AppData\Local\GitHubDesktop\bin;C:\flutter\bin;&quot;C:\Program Files\Git\bin\git.exe;C:\Program Files\Git\cmd;C:\Windows\System32&quot;;C:\Users\lilou\AppData\Roaming\npm;."/>
    <property name="java.vm.info" value="mixed mode, sharing"/>
    <property name="java.vendor" value="Oracle Corporation"/>
    <property name="java.vm.version" value="18.0.2.1+1-1"/>
    <property name="sun.io.unicode.encoding" value="UnicodeLittle"/>
    <property name="java.class.version" value="62.0"/>
  </properties>
  <testcase name="contextLoads" classname="com.starter.backend.BackendApplicationTests" time="0.705">
    <system-out><![CDATA[11:26:21.832 [main] INFO org.springframework.test.context.support.AnnotationConfigContextLoaderUtils -- Could not detect default configuration classes for test class [com.starter.backend.BackendApplicationTests]: BackendApplicationTests does not declare any static, non-private, non-final, nested classes annotated with @Configuration.
11:26:21.954 [main] INFO org.springframework.boot.test.context.SpringBootTestContextBootstrapper -- Found @SpringBootConfiguration com.starter.backend.BackendApplication for test class com.starter.backend.BackendApplicationTests

  .   ____          _            __ _ _
 /\\ / ___'_ __ _ _(_)_ __  __ _ \ \ \ \
( ( )\___ | '_ | '_| | '_ \/ _` | \ \ \ \
 \\/  ___)| |_)| | | | | || (_| |  ) ) ) )
  '  |____| .__|_| |_|_| |_\__, | / / / /
 =========|_|==============|___/=/_/_/_/
 :: Spring Boot ::       (v3.2.0-SNAPSHOT)

2023-10-07T11:26:22.462+01:00  INFO 30452 --- [           main] c.s.backend.BackendApplicationTests      : Starting BackendApplicationTests using Java 18.0.2.1 with PID 30452 (started by lilou in C:\Users\lilou\Bureau\Web Templates\Web Starter\backend)
2023-10-07T11:26:22.465+01:00  INFO 30452 --- [           main] c.s.backend.BackendApplicationTests      : No active profile set, falling back to 1 default profile: "default"
2023-10-07T11:26:23.692+01:00  INFO 30452 --- [           main] .s.d.r.c.RepositoryConfigurationDelegate : Bootstrapping Spring Data JPA repositories in DEFAULT mode.
2023-10-07T11:26:23.798+01:00  INFO 30452 --- [           main] .s.d.r.c.RepositoryConfigurationDelegate : Finished Spring Data repository scanning in 90 ms. Found 1 JPA repository interfaces.
2023-10-07T11:26:24.657+01:00  INFO 30452 --- [           main] o.hibernate.jpa.internal.util.LogHelper  : HHH000204: Processing PersistenceUnitInfo [name: default]
2023-10-07T11:26:24.757+01:00  INFO 30452 --- [           main] org.hibernate.Version                    : HHH000412: Hibernate ORM core version 6.3.1.Final
2023-10-07T11:26:24.829+01:00  INFO 30452 --- [           main] o.h.c.internal.RegionFactoryInitiator    : HHH000026: Second-level cache disabled
2023-10-07T11:26:25.274+01:00  INFO 30452 --- [           main] o.s.o.j.p.SpringPersistenceUnitInfo      : No LoadTimeWeaver setup: ignoring JPA class transformer
2023-10-07T11:26:25.311+01:00  INFO 30452 --- [           main] com.zaxxer.hikari.HikariDataSource       : HikariPool-1 - Starting...
2023-10-07T11:26:28.481+01:00  INFO 30452 --- [           main] com.zaxxer.hikari.pool.HikariPool        : HikariPool-1 - Added connection org.postgresql.jdbc.PgConnection@2c674d58
2023-10-07T11:26:28.488+01:00  INFO 30452 --- [           main] com.zaxxer.hikari.HikariDataSource       : HikariPool-1 - Start completed.
2023-10-07T11:26:28.750+01:00  WARN 30452 --- [           main] org.hibernate.orm.deprecation            : HHH90000025: PostgreSQLDialect does not need to be specified explicitly using 'hibernate.dialect' (remove the property setting and it will be selected by default)
2023-10-07T11:26:30.038+01:00  INFO 30452 --- [           main] o.h.e.t.j.p.i.JtaPlatformInitiator       : HHH000489: No JTA platform available (set 'hibernate.transaction.jta.platform' to enable JTA platform integration)
Hibernate: create table users (id bigserial not null, email varchar(255) not null, email_verified boolean not null, image_url varchar(255), name varchar(255) not null, password varchar(255), provider varchar(255) check (provider in ('LOCAL','FACEBOOK','GOOGLE','GITHUB')), provider_id varchar(255), primary key (id))
Hibernate: alter table if exists users drop constraint if exists UK6dotkott2kjsp8vw4d0m25fb7
2023-10-07T11:26:30.768+01:00  WARN 30452 --- [           main] o.h.engine.jdbc.spi.SqlExceptionHelper   : SQL Warning Code: 0, SQLState: 00000
2023-10-07T11:26:30.768+01:00  WARN 30452 --- [           main] o.h.engine.jdbc.spi.SqlExceptionHelper   : constraint "uk6dotkott2kjsp8vw4d0m25fb7" of relation "users" does not exist, skipping
Hibernate: alter table if exists users add constraint UK6dotkott2kjsp8vw4d0m25fb7 unique (email)
2023-10-07T11:26:30.935+01:00  INFO 30452 --- [           main] j.LocalContainerEntityManagerFactoryBean : Initialized JPA EntityManagerFactory for persistence unit 'default'
2023-10-07T11:26:31.780+01:00  WARN 30452 --- [           main] JpaBaseConfiguration$JpaWebConfiguration : spring.jpa.open-in-view is enabled by default. Therefore, database queries may be performed during view rendering. Explicitly configure spring.jpa.open-in-view to disable this warning
2023-10-07T11:26:32.265+01:00  INFO 30452 --- [           main] o.s.s.web.DefaultSecurityFilterChain     : Will secure any request with [org.springframework.security.web.session.DisableEncodeUrlFilter@3328db4f, org.springframework.security.web.context.request.async.WebAsyncManagerIntegrationFilter@4f9e9c21, org.springframework.security.web.context.SecurityContextHolderFilter@3a61d819, org.springframework.security.web.header.HeaderWriterFilter@45cddfd3, org.springframework.web.filter.CorsFilter@1390a43a, org.springframework.security.web.authentication.logout.LogoutFilter@1cb73a92, org.springframework.security.oauth2.client.web.OAuth2AuthorizationRequestRedirectFilter@4a778943, org.springframework.security.oauth2.client.web.OAuth2LoginAuthenticationFilter@41041c31, com.starter.backend.security.TokenAuthenticationFilter@2daa5092, org.springframework.security.web.authentication.www.BasicAuthenticationFilter@6c120b00, org.springframework.security.web.savedrequest.RequestCacheAwareFilter@77b01226, org.springframework.security.web.servletapi.SecurityContextHolderAwareRequestFilter@386ea60f, org.springframework.security.web.authentication.AnonymousAuthenticationFilter@7bf2e475, org.springframework.security.web.session.SessionManagementFilter@51d76ad3, org.springframework.security.web.access.ExceptionTranslationFilter@5608e254, org.springframework.security.web.access.intercept.AuthorizationFilter@434a2a10]
2023-10-07T11:26:32.277+01:00  WARN 30452 --- [           main] o.s.s.c.a.web.builders.WebSecurity       : 

********************************************************************
**********        Security debugging is enabled.       *************
**********    This may include sensitive information.  *************
**********      Do not use in a production system!     *************
********************************************************************


2023-10-07T11:26:32.749+01:00  INFO 30452 --- [           main] c.s.backend.BackendApplicationTests      : Started BackendApplicationTests in 10.596 seconds (process running for 11.753)
]]></system-out>
  </testcase>
</testsuite>